INFO:root:xxx
INFO:root:jocs
INFO:root:ransixi
INFO:root:wujingwen
INFO:root:jocs0
INFO:root:ransixi1
INFO:root:wujingwen2
INFO:root:jocs0
INFO:root:ransixi1
INFO:root:wujingwen2
INFO:root:jocs0
INFO:root:ransixi1
INFO:root:wujingwen2
INFO:root:jocs0
INFO:root:ransixi1
INFO:root:wujingwen2
INFO:root:jocs0
INFO:root:ransixi1
INFO:root:wujingwen2
INFO:root:jocs0
INFO:root:ransixi1
INFO:root:wujingwen2
INFO:root:jocs0
INFO:root:ransixi1
INFO:root:wujingwen2
INFO:root:jocs0
INFO:root:ransixi1
INFO:root:wujingwen2
INFO:root:jocs0
INFO:root:ransixi1
INFO:root:wujingwen2
INFO:root:jocs0
INFO:root:ransixi1
INFO:root:wujingwen2
INFO:root:jocs0
INFO:root:ransixi1
INFO:root:wujingwen2
INFO:root:jocs0
INFO:root:ransixi1
INFO:root:wujingwen2
INFO:root:jocs0
INFO:root:ransixi1
INFO:root:wujingwen2
INFO:root:jocs0
INFO:root:ransixi1
INFO:root:wujingwen2
